npm warn Unknown project config "public-hoist-pattern". This will stop working in the next major version of npm.
[32minfo[39m:    No link to load from D:\maysanlabs\flash fashion\medusa-backend\node_modules\@medusajs\draft-order\.medusa\server\src\links. skipped.
[32minfo[39m:    Running migrations...
[32minfo[39m:    
[32minfo[39m:    
[32minfo[39m:    MODULE: product_review
[32minfo[39m:      ΓùÅ Migrating Migration20250212230212
[32minfo[39m:      Γ£ö Migrated Migration20250212230212
[32minfo[39m:      ΓùÅ Migrating Migration20250421143843
[32minfo[39m:      Γ£ö Migrated Migration20250421143843
[32minfo[39m:    Completed successfully
[32minfo[39m:    
[32minfo[39m:    
[32minfo[39m:    MODULE: wishlistModuleService
[32minfo[39m:      ΓùÅ Migrating Migration20250224100856
[32minfo[39m:      Γ£ö Migrated Migration20250224100856
[32minfo[39m:    Completed successfully
[32minfo[39m:    
[32minfo[39m:    
[32minfo[39m:    MODULE: stock_location
[32minfo[39m:    Skipped. Database is up-to-date for module.
[32minfo[39m:    
[32minfo[39m:    
[32minfo[39m:    MODULE: inventory
[32minfo[39m:    Skipped. Database is up-to-date for module.
[32minfo[39m:    
[32minfo[39m:    
[32minfo[39m:    MODULE: product
[32minfo[39m:    Skipped. Database is up-to-date for module.
[32minfo[39m:    
[32minfo[39m:    
[32minfo[39m:    MODULE: pricing
[32minfo[39m:    Skipped. Database is up-to-date for module.
[32minfo[39m:    
[32minfo[39m:    
[32minfo[39m:    MODULE: promotion
[32minfo[39m:    Skipped. Database is up-to-date for module.
[32minfo[39m:    
[32minfo[39m:    
[32minfo[39m:    MODULE: customer
[32minfo[39m:    Skipped. Database is up-to-date for module.
[32minfo[39m:    
[32minfo[39m:    
[32minfo[39m:    MODULE: sales_channel
[32minfo[39m:    Skipped. Database is up-to-date for module.
[32minfo[39m:    
[32minfo[39m:    
[32minfo[39m:    MODULE: cart
[32minfo[39m:    Skipped. Database is up-to-date for module.
[32minfo[39m:    
[32minfo[39m:    
[32minfo[39m:    MODULE: region
[32minfo[39m:    Skipped. Database is up-to-date for module.
[32minfo[39m:    
[32minfo[39m:    
[32minfo[39m:    MODULE: api_key
[32minfo[39m:    Skipped. Database is up-to-date for module.
[32minfo[39m:    
[32minfo[39m:    
[32minfo[39m:    MODULE: store
[32minfo[39m:    Skipped. Database is up-to-date for module.
[32minfo[39m:    
[32minfo[39m:    
[32minfo[39m:    MODULE: tax
[32minfo[39m:    Skipped. Database is up-to-date for module.
[32minfo[39m:    
[32minfo[39m:    
[32minfo[39m:    MODULE: currency
[32minfo[39m:    Skipped. Database is up-to-date for module.
[32minfo[39m:    
[32minfo[39m:    
[32minfo[39m:    MODULE: payment
[32minfo[39m:    Skipped. Database is up-to-date for module.
[32minfo[39m:    
[32minfo[39m:    
[32minfo[39m:    MODULE: order
[32minfo[39m:    Skipped. Database is up-to-date for module.
[32minfo[39m:    
[32minfo[39m:    
[32minfo[39m:    MODULE: settings
[32minfo[39m:    Skipped. Database is up-to-date for module.
[32minfo[39m:    
[32minfo[39m:    
[32minfo[39m:    MODULE: auth
[32minfo[39m:    Skipped. Database is up-to-date for module.
[32minfo[39m:    
[32minfo[39m:    
[32minfo[39m:    MODULE: auth
[32minfo[39m:    Skipped. Database is up-to-date for module.
[32minfo[39m:    
[32minfo[39m:    
[32minfo[39m:    MODULE: auth
[32minfo[39m:    Skipped. Database is up-to-date for module.
[32minfo[39m:    
[32minfo[39m:    
[32minfo[39m:    MODULE: user
[32minfo[39m:    Skipped. Database is up-to-date for module.
[32minfo[39m:    
[32minfo[39m:    
[32minfo[39m:    MODULE: fulfillment
[32minfo[39m:    Skipped. Database is up-to-date for module.
[32minfo[39m:    
[32minfo[39m:    
[32minfo[39m:    MODULE: fulfillment
[32minfo[39m:    Skipped. Database is up-to-date for module.
[32minfo[39m:    
[32minfo[39m:    
[32minfo[39m:    MODULE: fulfillment
[32minfo[39m:    Skipped. Database is up-to-date for module.
[32minfo[39m:    
[32minfo[39m:    
[32minfo[39m:    MODULE: notification
[32minfo[39m:    Skipped. Database is up-to-date for module.
[32minfo[39m:    
[32minfo[39m:    
[32minfo[39m:    MODULE: notification
[32minfo[39m:    Skipped. Database is up-to-date for module.
[32minfo[39m:    
[32minfo[39m:    
[32minfo[39m:    MODULE: notification
[32minfo[39m:    Skipped. Database is up-to-date for module.
[32minfo[39m:    
[32minfo[39m:    
[32minfo[39m:    MODULE: cache
[32minfo[39m:    Skipped. Database is up-to-date for module.
[32minfo[39m:    
[32minfo[39m:    
[32minfo[39m:    MODULE: event_bus
[32minfo[39m:    Skipped. Database is up-to-date for module.
[32minfo[39m:    
[32minfo[39m:    
[32minfo[39m:    MODULE: workflows
[32minfo[39m:    Skipped. Database is up-to-date for module.
[32minfo[39m:    
[32minfo[39m:    
[32minfo[39m:    MODULE: locking
[32minfo[39m:    Skipped. Database is up-to-date for module.
[32minfo[39m:    
[32minfo[39m:    
[32minfo[39m:    MODULE: file
[32minfo[39m:    Skipped. Database is up-to-date for module.
[32minfo[39m:    
[32minfo[39m:    
[32minfo[39m:    MODULE: file
[32minfo[39m:    Skipped. Database is up-to-date for module.
[32minfo[39m:    
[32minfo[39m:    
[32minfo[39m:    MODULE: file
[32minfo[39m:    Skipped. Database is up-to-date for module.
[32minfo[39m:    
[32minfo[39m:    Migrations completed
[32minfo[39m:    
[32minfo[39m:    Syncing links...
[32minfo[39m:    ΓöîΓöÇΓöÇΓöÇΓöÇΓöÇΓöÇΓöÇΓöÇΓöÇΓöÇΓöÇΓöÇΓöÇΓöÇΓöÇΓöÇΓöÇΓöÇΓöÇΓöÇΓöÇΓöÇΓöÇΓöÇΓöÇΓöÇΓöÇΓöÇΓöÇΓöÇΓöÇΓöÇΓöÇΓöÇΓöÇΓöÇΓöÇΓöÇΓöÇΓöÇΓöÇΓöÇΓöÇΓöÇΓöÇΓöÇΓöÇΓöÇΓöÇΓöÇΓöÇΓöÇΓöÇΓöÇΓöÇΓöÇΓöÇΓöÇΓöÇΓöÇΓöÇΓöÇΓöÉ
Γöé                                                              Γöé
Γöé   Created following links tables                             Γöé
Γöé   - customer.customer <> wishlistModuleService.wishlist      Γöé
Γöé   (customer_customer_wishlistmodule_wishlist)                Γöé
Γöé                                                              Γöé
ΓööΓöÇΓöÇΓöÇΓöÇΓöÇΓöÇΓöÇΓöÇΓöÇΓöÇΓöÇΓöÇΓöÇΓöÇΓöÇΓöÇΓöÇΓöÇΓöÇΓöÇΓöÇΓöÇΓöÇΓöÇΓöÇΓöÇΓöÇΓöÇΓöÇΓöÇΓöÇΓöÇΓöÇΓöÇΓöÇΓöÇΓöÇΓöÇΓöÇΓöÇΓöÇΓöÇΓöÇΓöÇΓöÇΓöÇΓöÇΓöÇΓöÇΓöÇΓöÇΓöÇΓöÇΓöÇΓöÇΓöÇΓöÇΓöÇΓöÇΓöÇΓöÇΓöÇΓöÿ
[32minfo[39m:    Links sync completed
[32minfo[39m:    
[32minfo[39m:    No link to load from D:\maysanlabs\flash fashion\medusa-backend\node_modules\@medusajs\draft-order\.medusa\server\src\links. skipped.
[33mwarn[39m:    Local Event Bus installed. This is not recommended for production.
[32minfo[39m:    Locking module: Using "in-memory" as default.
[32minfo[39m:    No pending migration scripts to execute
