node.exe : npm warn Unknown project config 
"public-hoist-pattern". This will stop working 
in the next major version of npm.
At line:1 char:1
+ & "C:\Program Files\nodejs/node.exe" 
"C:\Program Files\nodejs/node_mo ...
+ ~~~~~~~~~~~~~~~~~~~~~~~~~~~~~~~~~~~~~~~~~~~~~~
~~~~~~~~~~~~~~~~~~~~~~~
    + CategoryInfo          : NotSpecified: (np 
   m warn Unknow...version of npm.:String) [],  
   RemoteException
    + FullyQualifiedErrorId : NativeCommandErro 
   r
 
[32minfo[39m:    No link to load from D:\maysanlabs\flash fashion\medusa-backend\node_modules\medusa-file-cloudinary\.medusa\server\src\links. skipped.
[32minfo[39m:    No link to load from D:\maysanlabs\flash fashion\medusa-backend\node_modules\@medusajs\draft-order\.medusa\server\src\links. skipped.
[32minfo[39m:    Running migrations...
TypeError: moduleProviderServices is not iterable
    at loadInternalModule (D:\maysanlabs\flash fashion\medusa-backend\node_modules\@medusajs\modules-sdk\src\loaders\utils\load-internal.ts:343:41)
    at async loadInternalProvider (D:\maysanlabs\flash fashion\medusa-backend\node_modules\@medusajs\modules-sdk\src\loaders\utils\load-internal.ts:143:17)
    at async loadInternalModule (D:\maysanlabs\flash fashion\medusa-backend\node_modules\@medusajs\modules-sdk\src\loaders\utils\load-internal.ts:275:17)
    at async loadModule (D:\maysanlabs\flash fashion\medusa-backend\node_modules\@medusajs\modules-sdk\src\loaders\module-loader.ts:92:10)
    at async Promise.allSettled (index 0)
    at async promiseAll (D:\maysanlabs\flash fashion\medusa-backend\node_modules\@medusajs\utils\src\common\promise-all.ts:27:18)
    at async moduleLoader (D:\maysanlabs\flash fashion\medusa-backend\node_modules\@medusajs\modules-sdk\src\loaders\module-loader.ts:24:19)
    at async D:\maysanlabs\flash fashion\medusa-backend\node_modules\@medusajs\modules-sdk\src\medusa-module.ts:512:11
    at async Promise.allSettled (index 13)
    at async promiseAll (D:\maysanlabs\flash fashion\medusa-backend\node_modules\@medusajs\utils\src\common\promise-all.ts:27:18)
[31merror[39m:   moduleProviderServices is not iterable
TypeError: moduleProviderServices is not 
iterable
    at loadInternalModule (D:\maysanlabs\flash f
ashion\medusa-backend\node_modules\@medusajs\mod
ules-sdk\src\loaders\utils\load-internal.ts:343:
41)
    at async loadInternalProvider 
(D:\maysanlabs\flash fashion\medusa-backend\node
_modules\@medusajs\modules-sdk\src\loaders\utils
\load-internal.ts:143:17)
    at async loadInternalModule 
(D:\maysanlabs\flash fashion\medusa-backend\node
_modules\@medusajs\modules-sdk\src\loaders\utils
\load-internal.ts:275:17)
    at async loadModule (D:\maysanlabs\flash fas
hion\medusa-backend\node_modules\@medusajs\modul
es-sdk\src\loaders\module-loader.ts:92:10)
    at async Promise.allSettled (index 0)
    at async promiseAll (D:\maysanlabs\flash fas
hion\medusa-backend\node_modules\@medusajs\utils
\src\common\promise-all.ts:27:18)
    at async moduleLoader (D:\maysanlabs\flash f
ashion\medusa-backend\node_modules\@medusajs\mod
ules-sdk\src\loaders\module-loader.ts:24:19)
    at async D:\maysanlabs\flash fashion\medusa-
backend\node_modules\@medusajs\modules-sdk\src\m
edusa-module.ts:512:11
    at async Promise.allSettled (index 13)
    at async promiseAll (D:\maysanlabs\flash fas
hion\medusa-backend\node_modules\@medusajs\utils
\src\common\promise-all.ts:27:18)
