
> flash-ecommerce@0.1.0 build
> next build

Γû▓ Next.js 16.1.6 (Turbopack)
- Environments: .env.local
- Experiments (use with caution):
  ┬╖ optimizePackageImports

  Creating an optimized production build ...
Γ£ô Compiled successfully in 3.1min
  Running TypeScript ...
node.exe : Failed to compile.
At line:1 char:1
+ & "C:\Program Files\nodejs/node.exe" 
"C:\Program Files\nodejs/node_mo ...
+ ~~~~~~~~~~~~~~~~~~~~~~~~~~~~~~~~~~~~~~~~~~~~~~
~~~~~~~~~~~~~~~~~~~~~~~
    + CategoryInfo          : NotSpecified: (Fa 
   iled to compile.:String) [], RemoteExceptio  
  n
    + FullyQualifiedErrorId : NativeCommandErro 
   r
 

./app/(storefront)/blog/[slug]/page.tsx:65:33
Type error: Parameter 'tag' implicitly has an 
'any' type.

[0m [90m 63 |[39m   [36mconst[39m 
relatedPosts [33m=[39m allPosts
 [90m 64 |[39m     [33m.[39mfilter((p) 
[33m=>[39m p[33m.[39mslug [33m!==[39m 
post[33m.[39mslug)
[31m[1m>[22m[39m[90m 65 |[39m     
[33m.[39mfilter((p) [33m=>[39m 
p[33m.[39mtags[33m.[39msome((tag) 
[33m=>[39m 
post[33m.[39mtags[33m.[39mincludes(tag)))
 [90m    |[39m                                
 [31m[1m^[22m[39m
 [90m 66 |[39m     
[33m.[39mslice([35m0[39m[33m,[39m 
[35m2[39m)[33m;[39m
 [90m 67 |[39m
 [90m 68 |[39m   [36mreturn[39m ([0m
Next.js build worker exited with code: 1 and 
signal: null
