
> flash-ecommerce@0.1.0 build
> next build

Γû▓ Next.js 16.1.6 (Turbopack)
- Environments: .env.local
- Experiments (use with caution):
  ┬╖ optimizePackageImports

  Creating an optimized production build ...
Γ£ô Compiled successfully in 110s
  Running TypeScript ...
node.exe : Failed to compile.
At line:1 char:1
+ & "C:\Program Files\nodejs/node.exe" 
"C:\Program Files\nodejs/node_mo ...
+ ~~~~~~~~~~~~~~~~~~~~~~~~~~~~~~~~~~~~~~~~~~~~~~
~~~~~~~~~~~~~~~~~~~~~~~
    + CategoryInfo          : NotSpecified: (Fa 
   iled to compile.:String) [], RemoteExceptio  
  n
    + FullyQualifiedErrorId : NativeCommandErro 
   r
 

./app/(storefront)/blog/[slug]/page.tsx:107:33
Type error: Parameter 'tag' implicitly has an 
'any' type.

[0m [90m 105 |[39m             
[33m<[39m[33mdiv[39m className[33m=[39m[3
2m"space-y-4"[39m[33m>[39m
 [90m 106 |[39m               
[33m<[39m[33mdiv[39m 
className[33m=[39m[32m"flex flex-wrap 
gap-2"[39m[33m>[39m
[31m[1m>[22m[39m[90m 107 |[39m            
     {post[33m.[39mtags[33m.[39mmap((tag) 
[33m=>[39m (
 [90m     |[39m                               
  [31m[1m^[22m[39m
 [90m 108 |[39m                   
[33m<[39m[33mBadge[39m
 [90m 109 |[39m                     
key[33m=[39m{tag}
 [90m 110 |[39m                     
variant[33m=[39m[32m"outline"[39m[0m
Next.js build worker exited with code: 1 and 
signal: null
