
> flash-ecommerce@0.1.0 build
> next build

Γû▓ Next.js 16.1.6 (Turbopack)
- Environments: .env.local
- Experiments (use with caution):
  ┬╖ optimizePackageImports

  Creating an optimized production build ...
Γ£ô Compiled successfully in 98s
  Running TypeScript ...
node.exe : Failed to compile.
At line:1 char:1
+ & "C:\Program Files\nodejs/node.exe" 
"C:\Program Files\nodejs/node_mo ...
+ ~~~~~~~~~~~~~~~~~~~~~~~~~~~~~~~~~~~~~~~~~~~~~~
~~~~~~~~~~~~~~~~~~~~~~~
    + CategoryInfo          : NotSpecified: (Fa 
   iled to compile.:String) [], RemoteExceptio  
  n
    + FullyQualifiedErrorId : NativeCommandErro 
   r
 

./app/(storefront)/lab/page.tsx:15:27
Type error: Expected 1 arguments, but got 0.

[0m [90m 13 |[39m [36mexport[39m 
[36mdefault[39m [36masync[39m 
[36mfunction[39m [33mFutureLabPage[39m() {
 [90m 14 |[39m   [36mconst[39m concepts 
[33m=[39m [36mawait[39m 
getActiveConcepts()[33m;[39m
[31m[1m>[22m[39m[90m 15 |[39m   
[36mconst[39m userVotes [33m=[39m 
[36mawait[39m getUserVotes()[33m;[39m
 [90m    |[39m                           
[31m[1m^[22m[39m
 [90m 16 |[39m
 [90m 17 |[39m   [36mreturn[39m (
 [90m 18 |[39m     [33m<[39m[33mdiv[39m 
className[33m=[39m[32m"min-h-screen 
bg-background"[39m[33m>[39m[0m
Next.js build worker exited with code: 1 and 
signal: null
