
> flash-ecommerce@0.1.0 build
> next build

Γû▓ Next.js 16.1.6 (Turbopack)
- Environments: .env.local
- Experiments (use with caution):
  ┬╖ optimizePackageImports

  Creating an optimized production build ...
node.exe : 
At line:1 char:1
+ & "C:\Program Files\nodejs/node.exe" 
"C:\Program Files\nodejs/node_mo ...
+ ~~~~~~~~~~~~~~~~~~~~~~~~~~~~~~~~~~~~~~~~~~~~~~
~~~~~~~~~~~~~~~~~~~~~~~
    + CategoryInfo          : NotSpecified: (:S 
   tring) [], RemoteException
    + FullyQualifiedErrorId : NativeCommandErro 
   r
 
> Build error occurred
Error: Turbopack build failed with 11 errors:
./app/error.tsx:6:1
Module not found: Can't resolve 
'./actions/system'
[0m [90m 4 |[39m [36mimport[39m { 
[33mButton[39m } [36mfrom[39m 
[32m"@/components/ui/button"[39m[33m;[39m
 [90m 5 |[39m [36mimport[39m { 
[33mAlertCircle[39m[33m,[39m 
[33mRotateCcw[39m[33m,[39m [33mBug[39m } 
[36mfrom[39m 
[32m"lucide-react"[39m[33m;[39m
[31m[1m>[22m[39m[90m 6 |[39m 
[36mimport[39m { reportError } [36mfrom[39m 
[32m"./actions/system"[39m[33m;[39m
 [90m   |[39m [31m[1m^[22m[39m[31m[1m^[
22m[39m[31m[1m^[22m[39m[31m[1m^[22m[39m
[31m[1m^[22m[39m[31m[1m^[22m[39m[31m[1
m^[22m[39m[31m[1m^[22m[39m[31m[1m^[22m
[39m[31m[1m^[22m[39m[31m[1m^[22m[39m[31
m[1m^[22m[39m[31m[1m^[22m[39m[31m[1m^[
22m[39m[31m[1m^[22m[39m[31m[1m^[22m[39m
[31m[1m^[22m[39m[31m[1m^[22m[39m[31m[1
m^[22m[39m[31m[1m^[22m[39m[31m[1m^[22m
[39m[31m[1m^[22m[39m[31m[1m^[22m[39m[31
m[1m^[22m[39m[31m[1m^[22m[39m[31m[1m^[
22m[39m[31m[1m^[22m[39m[31m[1m^[22m[39m
[31m[1m^[22m[39m[31m[1m^[22m[39m[31m[1
m^[22m[39m[31m[1m^[22m[39m[31m[1m^[22m
[39m[31m[1m^[22m[39m[31m[1m^[22m[39m[31
m[1m^[22m[39m[31m[1m^[22m[39m[31m[1m^[
22m[39m[31m[1m^[22m[39m[31m[1m^[22m[39m
[31m[1m^[22m[39m[31m[1m^[22m[39m[31m[1
m^[22m[39m[31m[1m^[22m[39m[31m[1m^[22m
[39m[31m[1m^[22m[39m[31m[1m^[22m[39m
 [90m 7 |[39m [36mimport[39m { toast } 
[36mfrom[39m [32m"sonner"[39m[33m;[39m
 [90m 8 |[39m
 [90m 9 |[39m [36mexport[39m 
[36mdefault[39m [36mfunction[39m 
[33mError[39m({[0m



Import traces:
  Client Component Browser:
    ./app/error.tsx [Client Component Browser]
    ./app/error.tsx [Server Component]

  Client Component SSR:
    ./app/error.tsx [Client Component SSR]
    ./app/error.tsx [Server Component]

https://nextjs.org/docs/messages/module-not-foun
d


./components/storefront/contact-form.tsx:4:1
Module not found: Can't resolve 
'@/app/actions/feedback'
[0m [90m 2 |[39m
 [90m 3 |[39m [36mimport[39m { useState } 
[36mfrom[39m [32m"react"[39m[33m;[39m
[31m[1m>[22m[39m[90m 4 |[39m 
[36mimport[39m { submitFeedback } 
[36mfrom[39m 
[32m"@/app/actions/feedback"[39m[33m;[39m
 [90m   |[39m [31m[1m^[22m[39m[31m[1m^[
22m[39m[31m[1m^[22m[39m[31m[1m^[22m[39m
[31m[1m^[22m[39m[31m[1m^[22m[39m[31m[1
m^[22m[39m[31m[1m^[22m[39m[31m[1m^[22m
[39m[31m[1m^[22m[39m[31m[1m^[22m[39m[31
m[1m^[22m[39m[31m[1m^[22m[39m[31m[1m^[
22m[39m[31m[1m^[22m[39m[31m[1m^[22m[39m
[31m[1m^[22m[39m[31m[1m^[22m[39m[31m[1
m^[22m[39m[31m[1m^[22m[39m[31m[1m^[22m
[39m[31m[1m^[22m[39m[31m[1m^[22m[39m[31
m[1m^[22m[39m[31m[1m^[22m[39m[31m[1m^[
22m[39m[31m[1m^[22m[39m[31m[1m^[22m[39m
[31m[1m^[22m[39m[31m[1m^[22m[39m[31m[1
m^[22m[39m[31m[1m^[22m[39m[31m[1m^[22m
[39m[31m[1m^[22m[39m[31m[1m^[22m[39m[31
m[1m^[22m[39m[31m[1m^[22m[39m[31m[1m^[
22m[39m[31m[1m^[22m[39m[31m[1m^[22m[39m
[31m[1m^[22m[39m[31m[1m^[22m[39m[31m[1
m^[22m[39m[31m[1m^[22m[39m[31m[1m^[22m
[39m[31m[1m^[22m[39m[31m[1m^[22m[39m[31
m[1m^[22m[39m[31m[1m^[22m[39m[31m[1m^[
22m[39m[31m[1m^[22m[39m[31m[1m^[22m[39m
[31m[1m^[22m[39m[31m[1m^[22m[39m[31m[1
m^[22m[39m[31m[1m^[22m[39m
 [90m 5 |[39m [36mimport[39m { 
[33mButton[39m } [36mfrom[39m 
[32m"@/components/ui/button"[39m[33m;[39m
 [90m 6 |[39m [36mimport[39m { 
[33mInput[39m } [36mfrom[39m 
[32m"@/components/ui/input"[39m[33m;[39m
 [90m 7 |[39m [36mimport[39m { 
[33mTextarea[39m } [36mfrom[39m [32m"@/comp
onents/ui/textarea"[39m[33m;[39m[0m

Import map: aliased to relative 
'./app/actions/feedback' inside of [project]/


Import trace:
  Server Component:
    ./components/storefront/contact-form.tsx
    ./app/(storefront)/contact/page.tsx

https://nextjs.org/docs/messages/module-not-foun
d


./components/marketing/newsletter-section.tsx:5:
1
Module not found: Can't resolve 
'@/app/actions/marketing-actions'
[0m [90m 3 |[39m [36mimport[39m { 
[33mButton[39m } [36mfrom[39m 
[32m"@/components/ui/button"[39m[33m;[39m
 [90m 4 |[39m [36mimport[39m { 
[33mInput[39m } [36mfrom[39m 
[32m"@/components/ui/input"[39m[33m;[39m
[31m[1m>[22m[39m[90m 5 |[39m 
[36mimport[39m { subscribeToNewsletter } 
[36mfrom[39m [32m"@/app/actions/marketing-act
ions"[39m[33m;[39m
 [90m   |[39m [31m[1m^[22m[39m[31m[1m^[
22m[39m[31m[1m^[22m[39m[31m[1m^[22m[39m
[31m[1m^[22m[39m[31m[1m^[22m[39m[31m[1
m^[22m[39m[31m[1m^[22m[39m[31m[1m^[22m
[39m[31m[1m^[22m[39m[31m[1m^[22m[39m[31
m[1m^[22m[39m[31m[1m^[22m[39m[31m[1m^[
22m[39m[31m[1m^[22m[39m[31m[1m^[22m[39m
[31m[1m^[22m[39m[31m[1m^[22m[39m[31m[1
m^[22m[39m[31m[1m^[22m[39m[31m[1m^[22m
[39m[31m[1m^[22m[39m[31m[1m^[22m[39m[31
m[1m^[22m[39m[31m[1m^[22m[39m[31m[1m^[
22m[39m[31m[1m^[22m[39m[31m[1m^[22m[39m
[31m[1m^[22m[39m[31m[1m^[22m[39m[31m[1
m^[22m[39m[31m[1m^[22m[39m[31m[1m^[22m
[39m[31m[1m^[22m[39m[31m[1m^[22m[39m[31
m[1m^[22m[39m[31m[1m^[22m[39m[31m[1m^[
22m[39m[31m[1m^[22m[39m[31m[1m^[22m[39m
[31m[1m^[22m[39m[31m[1m^[22m[39m[31m[1
m^[22m[39m[31m[1m^[22m[39m[31m[1m^[22m
[39m[31m[1m^[22m[39m[31m[1m^[22m[39m[31
m[1m^[22m[39m[31m[1m^[22m[39m[31m[1m^[
22m[39m[31m[1m^[22m[39m[31m[1m^[22m[39m
[31m[1m^[22m[39m[31m[1m^[22m[39m[31m[1
m^[22m[39m[31m[1m^[22m[39m[31m[1m^[22m
[39m[31m[1m^[22m[39m[31m[1m^[22m[39m[31
m[1m^[22m[39m[31m[1m^[22m[39m[31m[1m^[
22m[39m[31m[1m^[22m[39m[31m[1m^[22m[39m
[31m[1m^[22m[39m[31m[1m^[22m[39m[31m[1
m^[22m[39m[31m[1m^[22m[39m[31m[1m^[22m
[39m[31m[1m^[22m[39m[31m[1m^[22m[39m[31
m[1m^[22m[39m
 [90m 6 |[39m [36mimport[39m { toast } 
[36mfrom[39m [32m"sonner"[39m[33m;[39m
 [90m 7 |[39m [36mimport[39m { 
[33mSend[39m } [36mfrom[39m 
[32m"lucide-react"[39m[33m;[39m
 [90m 8 |[39m [36mimport[39m 
[33mFlashImage[39m [36mfrom[39m [32m"@/comp
onents/ui/flash-image"[39m[33m;[39m[0m

Import map: aliased to relative 
'./app/actions/marketing-actions' inside of 
[project]/


Import traces:
  #1 [Server Component]:
    
./components/marketing/newsletter-section.tsx
    ./app/(storefront)/page.tsx

  #2 [Server Component]:
    
./components/marketing/newsletter-section.tsx
    ./app/(storefront)/product/[slug]/page.tsx

https://nextjs.org/docs/messages/module-not-foun
d


./app/(storefront)/blog/[slug]/page.tsx:4:1
Module not found: Can't resolve 
'@/lib/services/blog-service'
[0m [90m  2 |[39m [36mimport[39m { 
notFound } [36mfrom[39m 
[32m"next/navigation"[39m[33m;[39m
 [90m  3 |[39m [36mimport[39m 
[33mLink[39m [36mfrom[39m 
[32m"next/link"[39m[33m;[39m
[31m[1m>[22m[39m[90m  4 |[39m 
[36mimport[39m {
 [90m    |[39m [31m[1m^[22m[39m[31m[1m^
[22m[39m[31m[1m^[22m[39m[31m[1m^[22m[39
m[31m[1m^[22m[39m[31m[1m^[22m[39m[31m[
1m^[22m[39m[31m[1m^[22m[39m
[31m[1m>[22m[39m[90m  5 |[39m   
getBlogPost[33m,[39m
 [90m    |[39m [31m[1m^[22m[39m[31m[1m^
[22m[39m[31m[1m^[22m[39m[31m[1m^[22m[39
m[31m[1m^[22m[39m[31m[1m^[22m[39m[31m[
1m^[22m[39m[31m[1m^[22m[39m[31m[1m^[22m
[39m[31m[1m^[22m[39m[31m[1m^[22m[39m[3
1m[1m^[22m[39m[31m[1m^[22m[39m[31m[1m^
[22m[39m
[31m[1m>[22m[39m[90m  6 |[39m   
getAllBlogSlugs[33m,[39m
 [90m    |[39m [31m[1m^[22m[39m[31m[1m^
[22m[39m[31m[1m^[22m[39m[31m[1m^[22m[39
m[31m[1m^[22m[39m[31m[1m^[22m[39m[31m[
1m^[22m[39m[31m[1m^[22m[39m[31m[1m^[22m
[39m[31m[1m^[22m[39m[31m[1m^[22m[39m[3
1m[1m^[22m[39m[31m[1m^[22m[39m[31m[1m^
[22m[39m
[31m[1m>[22m[39m[90m  7 |[39m   
getBlogPosts[33m,[39m
 [90m    |[39m [31m[1m^[22m[39m[31m[1m^
[22m[39m[31m[1m^[22m[39m[31m[1m^[22m[39
m[31m[1m^[22m[39m[31m[1m^[22m[39m[31m[
1m^[22m[39m[31m[1m^[22m[39m[31m[1m^[22m
[39m[31m[1m^[22m[39m[31m[1m^[22m[39m[3
1m[1m^[22m[39m[31m[1m^[22m[39m[31m[1m^
[22m[39m
[31m[1m>[22m[39m[90m  8 |[39m } 
[36mfrom[39m [32m"@/lib/services/blog-service
"[39m[33m;[39m
 [90m    |[39m [31m[1m^[22m[39m[31m[1m^
[22m[39m[31m[1m^[22m[39m[31m[1m^[22m[39
m[31m[1m^[22m[39m[31m[1m^[22m[39m[31m[
1m^[22m[39m[31m[1m^[22m[39m[31m[1m^[22m
[39m[31m[1m^[22m[39m[31m[1m^[22m[39m[3
1m[1m^[22m[39m[31m[1m^[22m[39m[31m[1m^
[22m[39m[31m[1m^[22m[39m[31m[1m^[22m[39
m[31m[1m^[22m[39m[31m[1m^[22m[39m[31m[
1m^[22m[39m[31m[1m^[22m[39m[31m[1m^[22m
[39m[31m[1m^[22m[39m[31m[1m^[22m[39m[3
1m[1m^[22m[39m[31m[1m^[22m[39m[31m[1m^
[22m[39m[31m[1m^[22m[39m[31m[1m^[22m[39
m[31m[1m^[22m[39m[31m[1m^[22m[39m[31m[
1m^[22m[39m[31m[1m^[22m[39m[31m[1m^[22m
[39m[31m[1m^[22m[39m[31m[1m^[22m[39m[3
1m[1m^[22m[39m[31m[1m^[22m[39m[31m[1m^
[22m[39m
 [90m  9 |[39m [36mimport[39m { 
[33mBadge[39m } [36mfrom[39m 
[32m"@/components/ui/badge"[39m[33m;[39m
 [90m 10 |[39m [36mimport[39m { 
[33mButton[39m } [36mfrom[39m 
[32m"@/components/ui/button"[39m[33m;[39m
 [90m 11 |[39m [36mimport[39m { 
[33mArrowLeft[39m[33m,[39m 
[33mCalendarDays[39m[33m,[39m 
[33mClock[39m[33m,[39m [33mShare2[39m } 
[36mfrom[39m 
[32m"lucide-react"[39m[33m;[39m[0m

Import map: aliased to relative 
'./lib/services/blog-service' inside of 
[project]/


https://nextjs.org/docs/messages/module-not-foun
d


./app/(storefront)/blog/page.tsx:3:1
Module not found: Can't resolve 
'@/lib/services/blog-service'
[0m [90m 1 |[39m [36mimport[39m { 
[33mMetadata[39m } [36mfrom[39m 
[32m"next"[39m[33m;[39m
 [90m 2 |[39m [36mimport[39m [33mLink[39m 
[36mfrom[39m [32m"next/link"[39m[33m;[39m
[31m[1m>[22m[39m[90m 3 |[39m 
[36mimport[39m { getBlogPosts[33m,[39m 
getFeaturedPosts } [36mfrom[39m [32m"@/lib/se
rvices/blog-service"[39m[33m;[39m
 [90m   |[39m [31m[1m^[22m[39m[31m[1m^[
22m[39m[31m[1m^[22m[39m[31m[1m^[22m[39m
[31m[1m^[22m[39m[31m[1m^[22m[39m[31m[1
m^[22m[39m[31m[1m^[22m[39m[31m[1m^[22m
[39m[31m[1m^[22m[39m[31m[1m^[22m[39m[31
m[1m^[22m[39m[31m[1m^[22m[39m[31m[1m^[
22m[39m[31m[1m^[22m[39m[31m[1m^[22m[39m
[31m[1m^[22m[39m[31m[1m^[22m[39m[31m[1
m^[22m[39m[31m[1m^[22m[39m[31m[1m^[22m
[39m[31m[1m^[22m[39m[31m[1m^[22m[39m[31
m[1m^[22m[39m[31m[1m^[22m[39m[31m[1m^[
22m[39m[31m[1m^[22m[39m[31m[1m^[22m[39m
[31m[1m^[22m[39m[31m[1m^[22m[39m[31m[1
m^[22m[39m[31m[1m^[22m[39m[31m[1m^[22m
[39m[31m[1m^[22m[39m[31m[1m^[22m[39m[31
m[1m^[22m[39m[31m[1m^[22m[39m[31m[1m^[
22m[39m[31m[1m^[22m[39m[31m[1m^[22m[39m
[31m[1m^[22m[39m[31m[1m^[22m[39m[31m[1
m^[22m[39m[31m[1m^[22m[39m[31m[1m^[22m
[39m[31m[1m^[22m[39m[31m[1m^[22m[39m[31
m[1m^[22m[39m[31m[1m^[22m[39m[31m[1m^[
22m[39m[31m[1m^[22m[39m[31m[1m^[22m[39m
[31m[1m^[22m[39m[31m[1m^[22m[39m[31m[1
m^[22m[39m[31m[1m^[22m[39m[31m[1m^[22m
[39m[31m[1m^[22m[39m[31m[1m^[22m[39m[31
m[1m^[22m[39m[31m[1m^[22m[39m[31m[1m^[
22m[39m[31m[1m^[22m[39m[31m[1m^[22m[39m
[31m[1m^[22m[39m[31m[1m^[22m[39m[31m[1
m^[22m[39m[31m[1m^[22m[39m[31m[1m^[22m
[39m[31m[1m^[22m[39m[31m[1m^[22m[39m[31
m[1m^[22m[39m[31m[1m^[22m[39m[31m[1m^[
22m[39m[31m[1m^[22m[39m[31m[1m^[22m[39m
[31m[1m^[22m[39m
 [90m 4 |[39m [36mimport[39m {
 [90m 5 |[39m   [33mCard[39m[33m,[39m
 [90m 6 |[39m   
[33mCardContent[39m[33m,[39m[0m

Import map: aliased to relative 
'./lib/services/blog-service' inside of 
[project]/


https://nextjs.org/docs/messages/module-not-foun
d


./app/(storefront)/lab/page.tsx:1:1
Module not found: Can't resolve 
'@/lib/services/concept-service'
[0m[31m[1m>[22m[39m[90m 1 |[39m 
[36mimport[39m {
 [90m   |[39m [31m[1m^[22m[39m[31m[1m^[
22m[39m[31m[1m^[22m[39m[31m[1m^[22m[39m
[31m[1m^[22m[39m[31m[1m^[22m[39m[31m[1
m^[22m[39m[31m[1m^[22m[39m
[31m[1m>[22m[39m[90m 2 |[39m   
getActiveConcepts[33m,[39m
 [90m   |[39m [31m[1m^[22m[39m[31m[1m^[
22m[39m[31m[1m^[22m[39m[31m[1m^[22m[39m
[31m[1m^[22m[39m[31m[1m^[22m[39m[31m[1
m^[22m[39m[31m[1m^[22m[39m[31m[1m^[22m
[39m[31m[1m^[22m[39m[31m[1m^[22m[39m[31
m[1m^[22m[39m[31m[1m^[22m[39m[31m[1m^[
22m[39m[31m[1m^[22m[39m[31m[1m^[22m[39m
[31m[1m^[22m[39m[31m[1m^[22m[39m[31m[1
m^[22m[39m[31m[1m^[22m[39m
[31m[1m>[22m[39m[90m 3 |[39m   
getUserVotes[33m,[39m
 [90m   |[39m [31m[1m^[22m[39m[31m[1m^[
22m[39m[31m[1m^[22m[39m[31m[1m^[22m[39m
[31m[1m^[22m[39m[31m[1m^[22m[39m[31m[1
m^[22m[39m[31m[1m^[22m[39m[31m[1m^[22m
[39m[31m[1m^[22m[39m[31m[1m^[22m[39m[31
m[1m^[22m[39m[31m[1m^[22m[39m[31m[1m^[
22m[39m[31m[1m^[22m[39m[31m[1m^[22m[39m
[31m[1m^[22m[39m[31m[1m^[22m[39m[31m[1
m^[22m[39m[31m[1m^[22m[39m
[31m[1m>[22m[39m[90m 4 |[39m } 
[36mfrom[39m [32m"@/lib/services/concept-serv
ice"[39m[33m;[39m
 [90m   |[39m [31m[1m^[22m[39m[31m[1m^[
22m[39m[31m[1m^[22m[39m[31m[1m^[22m[39m
[31m[1m^[22m[39m[31m[1m^[22m[39m[31m[1
m^[22m[39m[31m[1m^[22m[39m[31m[1m^[22m
[39m[31m[1m^[22m[39m[31m[1m^[22m[39m[31
m[1m^[22m[39m[31m[1m^[22m[39m[31m[1m^[
22m[39m[31m[1m^[22m[39m[31m[1m^[22m[39m
[31m[1m^[22m[39m[31m[1m^[22m[39m[31m[1
m^[22m[39m[31m[1m^[22m[39m[31m[1m^[22m
[39m[31m[1m^[22m[39m[31m[1m^[22m[39m[31
m[1m^[22m[39m[31m[1m^[22m[39m[31m[1m^[
22m[39m[31m[1m^[22m[39m[31m[1m^[22m[39m
[31m[1m^[22m[39m[31m[1m^[22m[39m[31m[1
m^[22m[39m[31m[1m^[22m[39m[31m[1m^[22m
[39m[31m[1m^[22m[39m[31m[1m^[22m[39m[31
m[1m^[22m[39m[31m[1m^[22m[39m[31m[1m^[
22m[39m[31m[1m^[22m[39m[31m[1m^[22m[39m
[31m[1m^[22m[39m
 [90m 5 |[39m [36mimport[39m { 
[33mLabClient[39m } [36mfrom[39m [32m"@/com
ponents/storefront/lab-client"[39m[33m;[39m
 [90m 6 |[39m [36mimport[39m { 
[33mMetadata[39m } [36mfrom[39m 
[32m"next"[39m[33m;[39m
 [90m 7 |[39m[0m

Import map: aliased to relative 
'./lib/services/concept-service' inside of 
[project]/


https://nextjs.org/docs/messages/module-not-foun
d


./components/storefront/lab-client.tsx:6:1
Module not found: Can't resolve 
'@/lib/services/concept-service'
[0m [90m 4 |[39m [36mimport[39m { 
[33mBeaker[39m } [36mfrom[39m 
[32m"lucide-react"[39m[33m;[39m
 [90m 5 |[39m [36mimport[39m { createClient 
} [36mfrom[39m 
[32m"@/lib/supabase/client"[39m[33m;[39m
[31m[1m>[22m[39m[90m 6 |[39m 
[36mimport[39m { toggleVote } [36mfrom[39m 
[32m"@/lib/services/concept-service"[39m[33m;
[39m
 [90m   |[39m [31m[1m^[22m[39m[31m[1m^[
22m[39m[31m[1m^[22m[39m[31m[1m^[22m[39m
[31m[1m^[22m[39m[31m[1m^[22m[39m[31m[1
m^[22m[39m[31m[1m^[22m[39m[31m[1m^[22m
[39m[31m[1m^[22m[39m[31m[1m^[22m[39m[31
m[1m^[22m[39m[31m[1m^[22m[39m[31m[1m^[
22m[39m[31m[1m^[22m[39m[31m[1m^[22m[39m
[31m[1m^[22m[39m[31m[1m^[22m[39m[31m[1
m^[22m[39m[31m[1m^[22m[39m[31m[1m^[22m
[39m[31m[1m^[22m[39m[31m[1m^[22m[39m[31
m[1m^[22m[39m[31m[1m^[22m[39m[31m[1m^[
22m[39m[31m[1m^[22m[39m[31m[1m^[22m[39m
[31m[1m^[22m[39m[31m[1m^[22m[39m[31m[1
m^[22m[39m[31m[1m^[22m[39m[31m[1m^[22m
[39m[31m[1m^[22m[39m[31m[1m^[22m[39m[31
m[1m^[22m[39m[31m[1m^[22m[39m[31m[1m^[
22m[39m[31m[1m^[22m[39m[31m[1m^[22m[39m
[31m[1m^[22m[39m[31m[1m^[22m[39m[31m[1
m^[22m[39m[31m[1m^[22m[39m[31m[1m^[22m
[39m[31m[1m^[22m[39m[31m[1m^[22m[39m[31
m[1m^[22m[39m[31m[1m^[22m[39m[31m[1m^[
22m[39m[31m[1m^[22m[39m[31m[1m^[22m[39m
[31m[1m^[22m[39m[31m[1m^[22m[39m[31m[1
m^[22m[39m[31m[1m^[22m[39m[31m[1m^[22m
[39m[31m[1m^[22m[39m[31m[1m^[22m[39m[31
m[1m^[22m[39m
 [90m 7 |[39m [36mimport[39m { toast } 
[36mfrom[39m [32m"sonner"[39m[33m;[39m
 [90m 8 |[39m [36mimport[39m { useAuth } 
[36mfrom[39m 
[32m"@/context/auth-context"[39m[33m;[39m
 [90m 9 |[39m [36mimport[39m { useRouter } 
[36mfrom[39m 
[32m"next/navigation"[39m[33m;[39m[0m

Import map: aliased to relative 
'./lib/services/concept-service' inside of 
[project]/


Import trace:
  Server Component:
    ./components/storefront/lab-client.tsx
    ./app/(storefront)/lab/page.tsx

https://nextjs.org/docs/messages/module-not-foun
d


./components/storefront/lab-client.tsx:5:1
Module not found: Can't resolve 
'@/lib/supabase/client'
[0m [90m 3 |[39m [36mimport[39m { 
useState[33m,[39m useEffect } [36mfrom[39m 
[32m"react"[39m[33m;[39m
 [90m 4 |[39m [36mimport[39m { 
[33mBeaker[39m } [36mfrom[39m 
[32m"lucide-react"[39m[33m;[39m
[31m[1m>[22m[39m[90m 5 |[39m 
[36mimport[39m { createClient } 
[36mfrom[39m 
[32m"@/lib/supabase/client"[39m[33m;[39m
 [90m   |[39m [31m[1m^[22m[39m[31m[1m^[
22m[39m[31m[1m^[22m[39m[31m[1m^[22m[39m
[31m[1m^[22m[39m[31m[1m^[22m[39m[31m[1
m^[22m[39m[31m[1m^[22m[39m[31m[1m^[22m
[39m[31m[1m^[22m[39m[31m[1m^[22m[39m[31
m[1m^[22m[39m[31m[1m^[22m[39m[31m[1m^[
22m[39m[31m[1m^[22m[39m[31m[1m^[22m[39m
[31m[1m^[22m[39m[31m[1m^[22m[39m[31m[1
m^[22m[39m[31m[1m^[22m[39m[31m[1m^[22m
[39m[31m[1m^[22m[39m[31m[1m^[22m[39m[31
m[1m^[22m[39m[31m[1m^[22m[39m[31m[1m^[
22m[39m[31m[1m^[22m[39m[31m[1m^[22m[39m
[31m[1m^[22m[39m[31m[1m^[22m[39m[31m[1
m^[22m[39m[31m[1m^[22m[39m[31m[1m^[22m
[39m[31m[1m^[22m[39m[31m[1m^[22m[39m[31
m[1m^[22m[39m[31m[1m^[22m[39m[31m[1m^[
22m[39m[31m[1m^[22m[39m[31m[1m^[22m[39m
[31m[1m^[22m[39m[31m[1m^[22m[39m[31m[1
m^[22m[39m[31m[1m^[22m[39m[31m[1m^[22m
[39m[31m[1m^[22m[39m[31m[1m^[22m[39m[31
m[1m^[22m[39m[31m[1m^[22m[39m[31m[1m^[
22m[39m[31m[1m^[22m[39m[31m[1m^[22m[39m
[31m[1m^[22m[39m
 [90m 6 |[39m [36mimport[39m { toggleVote } 
[36mfrom[39m [32m"@/lib/services/concept-serv
ice"[39m[33m;[39m
 [90m 7 |[39m [36mimport[39m { toast } 
[36mfrom[39m [32m"sonner"[39m[33m;[39m
 [90m 8 |[39m [36mimport[39m { useAuth } 
[36mfrom[39m [32m"@/context/auth-context"[39
m[33m;[39m[0m

Import map: aliased to relative 
'./lib/supabase/client' inside of [project]/


Import trace:
  Server Component:
    ./components/storefront/lab-client.tsx
    ./app/(storefront)/lab/page.tsx

https://nextjs.org/docs/messages/module-not-foun
d


./components/storefront/notification-bell.tsx:7:
1
Module not found: Can't resolve 
'@/lib/supabase/client'
[0m [90m  5 |[39m [36mimport[39m { 
[33mButton[39m } [36mfrom[39m 
[32m"@/components/ui/button"[39m[33m;[39m
 [90m  6 |[39m [36mimport[39m { useAuth } 
[36mfrom[39m 
[32m"@/context/auth-context"[39m[33m;[39m
[31m[1m>[22m[39m[90m  7 |[39m 
[36mimport[39m { createClient } 
[36mfrom[39m 
[32m"@/lib/supabase/client"[39m[33m;[39m
 [90m    |[39m [31m[1m^[22m[39m[31m[1m^
[22m[39m[31m[1m^[22m[39m[31m[1m^[22m[39
m[31m[1m^[22m[39m[31m[1m^[22m[39m[31m[
1m^[22m[39m[31m[1m^[22m[39m[31m[1m^[22m
[39m[31m[1m^[22m[39m[31m[1m^[22m[39m[3
1m[1m^[22m[39m[31m[1m^[22m[39m[31m[1m^
[22m[39m[31m[1m^[22m[39m[31m[1m^[22m[39
m[31m[1m^[22m[39m[31m[1m^[22m[39m[31m[
1m^[22m[39m[31m[1m^[22m[39m[31m[1m^[22m
[39m[31m[1m^[22m[39m[31m[1m^[22m[39m[3
1m[1m^[22m[39m[31m[1m^[22m[39m[31m[1m^
[22m[39m[31m[1m^[22m[39m[31m[1m^[22m[39
m[31m[1m^[22m[39m[31m[1m^[22m[39m[31m[
1m^[22m[39m[31m[1m^[22m[39m[31m[1m^[22m
[39m[31m[1m^[22m[39m[31m[1m^[22m[39m[3
1m[1m^[22m[39m[31m[1m^[22m[39m[31m[1m^
[22m[39m[31m[1m^[22m[39m[31m[1m^[22m[39
m[31m[1m^[22m[39m[31m[1m^[22m[39m[31m[
1m^[22m[39m[31m[1m^[22m[39m[31m[1m^[22m
[39m[31m[1m^[22m[39m[31m[1m^[22m[39m[3
1m[1m^[22m[39m[31m[1m^[22m[39m[31m[1m^
[22m[39m[31m[1m^[22m[39m[31m[1m^[22m[39
m[31m[1m^[22m[39m
 [90m  8 |[39m [36mimport[39m { 
useQueryClient } [36mfrom[39m 
[32m"@tanstack/react-query"[39m[33m;[39m
 [90m  9 |[39m [36mimport[39m { toast } 
[36mfrom[39m [32m"sonner"[39m[33m;[39m
 [90m 10 |[39m [36mimport[39m { useRouter } 
[36mfrom[39m 
[32m"next/navigation"[39m[33m;[39m[0m

Import map: aliased to relative 
'./lib/supabase/client' inside of [project]/


Import trace:
  Client Component Browser:
    
./components/storefront/notification-bell.tsx 
[Client Component Browser]
    ./components/storefront/navbar.tsx [Client 
Component Browser]
    ./components/storefront/navbar.tsx [Server 
Component]
    ./app/(storefront)/layout.tsx [Server 
Component]

https://nextjs.org/docs/messages/module-not-foun
d


./components/storefront/search-overlay.tsx:18:1
Module not found: Can't resolve 
'@/lib/supabase/client'
[0m [90m 16 |[39m [36mimport[39m { 
[33mButton[39m } [36mfrom[39m 
[32m"@/components/ui/button"[39m[33m;[39m
 [90m 17 |[39m [36mimport[39m { 
[33mInput[39m } [36mfrom[39m 
[32m"@/components/ui/input"[39m[33m;[39m
[31m[1m>[22m[39m[90m 18 |[39m 
[36mimport[39m { createClient } 
[36mfrom[39m 
[32m"@/lib/supabase/client"[39m[33m;[39m
 [90m    |[39m [31m[1m^[22m[39m[31m[1m^
[22m[39m[31m[1m^[22m[39m[31m[1m^[22m[39
m[31m[1m^[22m[39m[31m[1m^[22m[39m[31m[
1m^[22m[39m[31m[1m^[22m[39m[31m[1m^[22m
[39m[31m[1m^[22m[39m[31m[1m^[22m[39m[3
1m[1m^[22m[39m[31m[1m^[22m[39m[31m[1m^
[22m[39m[31m[1m^[22m[39m[31m[1m^[22m[39
m[31m[1m^[22m[39m[31m[1m^[22m[39m[31m[
1m^[22m[39m[31m[1m^[22m[39m[31m[1m^[22m
[39m[31m[1m^[22m[39m[31m[1m^[22m[39m[3
1m[1m^[22m[39m[31m[1m^[22m[39m[31m[1m^
[22m[39m[31m[1m^[22m[39m[31m[1m^[22m[39
m[31m[1m^[22m[39m[31m[1m^[22m[39m[31m[
1m^[22m[39m[31m[1m^[22m[39m[31m[1m^[22m
[39m[31m[1m^[22m[39m[31m[1m^[22m[39m[3
1m[1m^[22m[39m[31m[1m^[22m[39m[31m[1m^
[22m[39m[31m[1m^[22m[39m[31m[1m^[22m[39
m[31m[1m^[22m[39m[31m[1m^[22m[39m[31m[
1m^[22m[39m[31m[1m^[22m[39m[31m[1m^[22m
[39m[31m[1m^[22m[39m[31m[1m^[22m[39m[3
1m[1m^[22m[39m[31m[1m^[22m[39m[31m[1m^
[22m[39m[31m[1m^[22m[39m[31m[1m^[22m[39
m[31m[1m^[22m[39m
 [90m 19 |[39m
 [90m 20 |[39m [90m// Inline Debounce 
Hook[39m
 [90m 21 |[39m [36mfunction[39m useDebounce
[33m<[39m[33mT[39m[33m>[39m(value[33m:[39
m [33mT[39m[33m,[39m delay[33m:[39m 
number)[33m:[39m [33mT[39m {[0m

Import map: aliased to relative 
'./lib/supabase/client' inside of [project]/


Import trace:
  Client Component Browser:
    ./components/storefront/search-overlay.tsx 
[Client Component Browser]
    ./components/storefront/navbar.tsx [Client 
Component Browser]
    ./components/storefront/navbar.tsx [Server 
Component]
    ./app/(storefront)/layout.tsx [Server 
Component]

https://nextjs.org/docs/messages/module-not-foun
d


./hooks/use-notifications.ts:3:1
Module not found: Can't resolve 
'@/lib/supabase/client'
[0m [90m 1 |[39m
 [90m 2 |[39m [36mimport[39m { 
useState[33m,[39m useEffect } [36mfrom[39m 
[32m"react"[39m
[31m[1m>[22m[39m[90m 3 |[39m 
[36mimport[39m { createClient } 
[36mfrom[39m [32m"@/lib/supabase/client"[39m
 [90m   |[39m [31m[1m^[22m[39m[31m[1m^[
22m[39m[31m[1m^[22m[39m[31m[1m^[22m[39m
[31m[1m^[22m[39m[31m[1m^[22m[39m[31m[1
m^[22m[39m[31m[1m^[22m[39m[31m[1m^[22m
[39m[31m[1m^[22m[39m[31m[1m^[22m[39m[31
m[1m^[22m[39m[31m[1m^[22m[39m[31m[1m^[
22m[39m[31m[1m^[22m[39m[31m[1m^[22m[39m
[31m[1m^[22m[39m[31m[1m^[22m[39m[31m[1
m^[22m[39m[31m[1m^[22m[39m[31m[1m^[22m
[39m[31m[1m^[22m[39m[31m[1m^[22m[39m[31
m[1m^[22m[39m[31m[1m^[22m[39m[31m[1m^[
22m[39m[31m[1m^[22m[39m[31m[1m^[22m[39m
[31m[1m^[22m[39m[31m[1m^[22m[39m[31m[1
m^[22m[39m[31m[1m^[22m[39m[31m[1m^[22m
[39m[31m[1m^[22m[39m[31m[1m^[22m[39m[31
m[1m^[22m[39m[31m[1m^[22m[39m[31m[1m^[
22m[39m[31m[1m^[22m[39m[31m[1m^[22m[39m
[31m[1m^[22m[39m[31m[1m^[22m[39m[31m[1
m^[22m[39m[31m[1m^[22m[39m[31m[1m^[22m
[39m[31m[1m^[22m[39m[31m[1m^[22m[39m[31
m[1m^[22m[39m[31m[1m^[22m[39m[31m[1m^[
22m[39m[31m[1m^[22m[39m[31m[1m^[22m[39m
 [90m 4 |[39m [36mimport[39m { useAuth } 
[36mfrom[39m 
[32m"@/context/auth-context"[39m
 [90m 5 |[39m [36mimport[39m { toast } 
[36mfrom[39m [32m"sonner"[39m
 [90m 6 |[39m[0m

Import map: aliased to relative 
'./lib/supabase/client' inside of [project]/


Import trace:
  Client Component Browser:
    ./hooks/use-notifications.ts [Client 
Component Browser]
    
./components/storefront/notification-bell.tsx 
[Client Component Browser]
    ./components/storefront/navbar.tsx [Client 
Component Browser]
    ./components/storefront/navbar.tsx [Server 
Component]
    ./app/(storefront)/layout.tsx [Server 
Component]

https://nextjs.org/docs/messages/module-not-foun
d


    at <unknown> (./app/error.tsx:6:1)
    at <unknown> (https://nextjs.org/docs/messag
es/module-not-found)
    at <unknown> 
(./components/storefront/contact-form.tsx:4:1)
    at <unknown> (https://nextjs.org/docs/messag
es/module-not-found)
    at <unknown> (./components/marketing/newslet
ter-section.tsx:5:1)
    at <unknown> (https://nextjs.org/docs/messag
es/module-not-found)
    at <unknown> 
(./app/(storefront)/blog/[slug]/page.tsx:4:1)
    at <unknown> (https://nextjs.org/docs/messag
es/module-not-found)
    at <unknown> 
(./app/(storefront)/blog/page.tsx:3:1)
    at <unknown> (https://nextjs.org/docs/messag
es/module-not-found)
    at <unknown> 
(./app/(storefront)/lab/page.tsx:1:1)
    at <unknown> (https://nextjs.org/docs/messag
es/module-not-found)
    at <unknown> 
(./components/storefront/lab-client.tsx:6:1)
    at <unknown> (https://nextjs.org/docs/messag
es/module-not-found)
    at <unknown> 
(./components/storefront/lab-client.tsx:5:1)
    at <unknown> (https://nextjs.org/docs/messag
es/module-not-found)
    at <unknown> (./components/storefront/notifi
cation-bell.tsx:7:1)
    at <unknown> (https://nextjs.org/docs/messag
es/module-not-found)
    at <unknown> (./components/storefront/search
-overlay.tsx:18:1)
    at <unknown> (https://nextjs.org/docs/messag
es/module-not-found)
    at <unknown> 
(./hooks/use-notifications.ts:3:1)
    at <unknown> (https://nextjs.org/docs/messag
es/module-not-found)
