
> flash-ecommerce@0.1.0 build
> next build

Γû▓ Next.js 16.1.6 (Turbopack)
- Environments: .env.local
- Experiments (use with caution):
  ┬╖ optimizePackageImports

  Creating an optimized production build ...
Γ£ô Compiled successfully in 2.8min
  Running TypeScript ...
node.exe : Failed to compile.
At line:1 char:1
+ & "C:\Program Files\nodejs/node.exe" 
"C:\Program Files\nodejs/node_mo ...
+ ~~~~~~~~~~~~~~~~~~~~~~~~~~~~~~~~~~~~~~~~~~~~~~
~~~~~~~~~~~~~~~~~~~~~~~
    + CategoryInfo          : NotSpecified: (Fa 
   iled to compile.:String) [], RemoteExceptio  
  n
    + FullyQualifiedErrorId : NativeCommandErro 
   r
 

./app/(storefront)/blog/[slug]/page.tsx:35:17
Type error: Property 'title' does not exist on 
type 'never'.

[0m [90m 33 |[39m
 [90m 34 |[39m   [36mreturn[39m {
[31m[1m>[22m[39m[90m 35 |[39m     
title[33m:[39m post[33m.[39mtitle[33m,[39m
 [90m    |[39m                 
[31m[1m^[22m[39m
 [90m 36 |[39m     description[33m:[39m 
post[33m.[39mexcerpt[33m,[39m
 [90m 37 |[39m     keywords[33m:[39m 
[[32m"flash fashion"[39m[33m,[39m 
[33m...[39mpost[33m.[39mtags][33m,[39m
 [90m 38 |[39m     openGraph[33m:[39m {[0m
Next.js build worker exited with code: 1 and 
signal: null
