
> flash-ecommerce@0.1.0 build
> next build

Î“Ă»â–“ Next.js 16.1.6 (Turbopack)
- Environments: .env.local
- Experiments (use with caution):
  â”¬â•– optimizePackageImports

  Creating an optimized production build ...
Î“ÂŁĂ´ Compiled successfully in 15.3s
  Running TypeScript ...
  Collecting page data using 7 workers ...
Î“ĂśĂˇ Using edge runtime on a page currently disables static generation for that page
  Generating static pages using 7 workers (0/43) ...
  Generating static pages using 7 workers (10/43) 
getProducts error: Error: An unknown error occurred.
    at <unknown> (D:\maysanlabs\flash fashion\.next\server\chunks\ssr\_508e7a07._.js:5:70)
    at Generator.next (<anonymous>)
    at g (D:\maysanlabs\flash fashion\.next\server\chunks\ssr\_508e7a07._.js:1:75713) {
  statusText: 'Internal Server Error',
  status: 500
}
  Generating static pages using 7 workers (21/43) 
  Generating static pages using 7 workers (32/43) 
Î“ÂŁĂ´ Generating static pages using 7 workers (43/43) in 3.3s
  Finalizing page optimization ...

Route (app)
Î“Ă¶Ă® â•žĂ† /
Î“Ă¶ÂŁ â•žĂ† /_not-found
Î“Ă¶ÂŁ â•žĂ† /about
Î“Ă¶ÂŁ â•žĂ† /accessibility
Î“Ă¶ÂŁ â•žĂ† /account
Î“Ă¶ÂŁ â•žĂ† /account/orders
Î“Ă¶ÂŁ â•žĂ† /account/orders/[id]
Î“Ă¶ÂŁ â•žĂ† /api/auth/google/callback
Î“Ă¶ÂŁ â•žĂ† /api/razorpay/callback
Î“Ă¶ÂŁ â•žĂ† /api/razorpay/order
Î“Ă¶ÂŁ â•žĂ† /api/razorpay/verify
Î“Ă¶ÂŁ â•žĂ† /api/razorpay/webhook
Î“Ă¶ÂŁ Î“ĂąĂŻ /apple-icon
Î“Ă¶ÂŁ â•žĂ† /blog
Î“Ă¶ÂŁ Î“ĂąĂ… /blog/[slug]
Î“Ă¶ÂŁ â•žĂ† /blog/[slug]/opengraph-image-1yjuf8
Î“Ă¶ÂŁ â•žĂ† /careers
Î“Ă¶ÂŁ â•žĂ† /checkout
Î“Ă¶ÂŁ â•žĂ† /contact
Î“Ă¶ÂŁ â•žĂ† /cookies
Î“Ă¶ÂŁ â•žĂ† /faq
Î“Ă¶ÂŁ â•žĂ† /flashh-fashion
Î“Ă¶ÂŁ Î“ĂąĂŻ /icon
Î“Ă¶ÂŁ â•žĂ† /lab
Î“Ă¶ÂŁ â•žĂ† /login
Î“Ă¶ÂŁ Î“ĂąĂŻ /manifest.webmanifest
Î“Ă¶ÂŁ â•žĂ† /opengraph-image
Î“Ă¶ÂŁ â•žĂ† /order/confirmation/[id]
Î“Ă¶ÂŁ â•žĂ† /privacy
Î“Ă¶ÂŁ â•žĂ† /product/[slug]
Î“Ă¶ÂŁ â•žĂ† /product/[slug]/opengraph-image-1vxdxz
Î“Ă¶ÂŁ â•žĂ† /returns
Î“Ă¶ÂŁ Î“ĂąĂŻ /robots.txt
Î“Ă¶ÂŁ â•žĂ† /shipping
Î“Ă¶ÂŁ â•žĂ† /shop
Î“Ă¶ÂŁ â•žĂ† /shop/[category]
Î“Ă¶ÂŁ â•žĂ† /shop/vibes/[vibe]
Î“Ă¶ÂŁ â•žĂ† /signup
Î“Ă¶ÂŁ Î“ĂąĂŻ /sitemap.xml
Î“Ă¶ÂŁ â•žĂ† /size-guide
Î“Ă¶ÂŁ â•žĂ† /sustainability
Î“Ă¶ÂŁ â•žĂ† /terms
Î“Ă¶ÂŁ â•žĂ† /track/[orderId]
Î“Ă¶Ă¶ â•žĂ† /wishlist


Î“ĂąĂŻ  (Static)   prerendered as static content
Î“ĂąĂ…  (SSG)      prerendered as static HTML (uses generateStaticParams)
â•žĂ†  (Dynamic)  server-rendered on demand

