
> flash-ecommerce@0.1.0 build
> next build

Γû▓ Next.js 16.1.6 (Turbopack)
- Environments: .env.local
- Experiments (use with caution):
  ┬╖ optimizePackageImports

  Creating an optimized production build ...
Γ£ô Compiled successfully in 2.4min
  Running TypeScript ...
node.exe : Failed to compile.
At line:1 char:1
+ & "C:\Program Files\nodejs/node.exe" 
"C:\Program Files\nodejs/node_mo ...
+ ~~~~~~~~~~~~~~~~~~~~~~~~~~~~~~~~~~~~~~~~~~~~~~
~~~~~~~~~~~~~~~~~~~~~~~
    + CategoryInfo          : NotSpecified: (Fa 
   iled to compile.:String) [], RemoteExceptio  
  n
    + FullyQualifiedErrorId : NativeCommandErro 
   r
 

./app/(storefront)/checkout/page.tsx:315:9
Type error: Type '{ productId: string; name: 
string; price: number; quantity: number; size: 
string; color: string; fit: string; image: 
string | null; maxQuantity: number; slug: 
string; categoryId: string; }[]' is not 
assignable to type 'CartItem[]'.
  Property 'variantId' is missing in type '{ 
productId: string; name: string; price: number; 
quantity: number; size: string; color: string; 
fit: string; image: string | null; maxQuantity: 
number; slug: string; categoryId: string; }' 
but required in type 'CartItem'.

[0m [90m 313 |[39m         
payment_provider[33m:[39m 
[32m"razorpay"[39m[33m,[39m
 [90m 314 |[39m         
payment_reference[33m:[39m 
[32m""[39m[33m,[39m
[31m[1m>[22m[39m[90m 315 |[39m         
items[33m:[39m sanitizedItems[33m,[39m
 [90m     |[39m         [31m[1m^[22m[39m
 [90m 316 |[39m         
coupon_code[33m:[39m appliedCoupon[33m?[39m
[33m.[39mcode[33m,[39m
 [90m 317 |[39m         
discount_amount[33m:[39m 
discountAmount[33m,[39m
 [90m 318 |[39m         email[33m:[39m 
data[33m.[39memail[33m,[39m[0m
Next.js build worker exited with code: 1 and 
signal: null
