app/(storefront)/product/[slug]/product-detail.tsx(435,55): error TS2339: Property 'variants' does not exist on type '{ id: string; name: string; description: string; price: number; original_price?: number | null | undefined; main_image_url: string; gallery_image_urls?: string[] | undefined; size_options: string[]; ... 6 more ...; categories?: { ...; } | ... 1 more ... | undefined; }'.
app/(storefront)/product/[slug]/product-detail.tsx(448,9): error TS2552: Cannot find name 'options'. Did you mean 'Option'?
app/actions/color-actions.ts(8,8): error TS2307: Cannot find module '@/lib/services/color-service' or its corresponding type declarations.
app/actions/notify.ts(15,59): error TS2339: Property 'listVariants' does not exist on type '{ list: (query?: any, headers?: ClientHeaders | undefined) => Promise<HttpTypes.StoreProductListResponse>; retrieve: (id: string, query?: any, headers?: ClientHeaders | undefined) => Promise<...>; }'.
components/account/account-client.tsx(312,23): error TS2322: Type '{ id: string; name: string; phone: string; city: string; state: string; pincode: string; is_default: boolean; }[]' is not assignable to type 'AddressType[]'.
  Property 'address_line1' is missing in type '{ id: string; name: string; phone: string; city: string; state: string; pincode: string; is_default: boolean; }' but required in type 'AddressType'.
components/admin/cache-purge-button.tsx(4,10): error TS2305: Module '"@/lib/services/product-service"' has no exported member 'purgeStorefrontCache'.
components/admin/command-palette.tsx(35,35): error TS2307: Cannot find module '@/app/actions/admin-search' or its corresponding type declarations.
components/admin/concept-form.tsx(19,31): error TS2307: Cannot find module '@/app/actions/admin/manage-concepts' or its corresponding type declarations.
components/admin/concepts/concept-dialog.tsx(24,10): error TS2305: Module '"@/lib/services/concept-service"' has no exported member 'createConcept'.
components/admin/concepts/concept-dialog.tsx(24,25): error TS2305: Module '"@/lib/services/concept-service"' has no exported member 'updateConcept'.
components/admin/concepts/concepts-client.tsx(16,10): error TS2305: Module '"@/lib/services/concept-service"' has no exported member 'deleteConcept'.
components/admin/order-payment-logs.tsx(4,50): error TS2307: Cannot find module '@/app/admin/orders/actions' or its corresponding type declarations.
components/cart/cart-upsell.tsx(45,13): error TS2345: Argument of type '{ productId: any; categoryId: any; name: any; price: any; image: any; quantity: number; size: any; color: any; fit: any; maxQuantity: any; slug: any; }' is not assignable to parameter of type 'CartItem'.
  Property 'variantId' is missing in type '{ productId: any; categoryId: any; name: any; price: any; image: any; quantity: number; size: any; color: any; fit: any; maxQuantity: any; slug: any; }' but required in type 'CartItem'.
components/checkout/address-selector.tsx(44,36): error TS7006: Parameter 'a' implicitly has an 'any' type.
components/lab/lab-client-view.tsx(12,4): error TS2304: Cannot find name 'LabClientViewProps'.
components/lab/lab-client-view.tsx(136,33): error TS7006: Parameter 'concept' implicitly has an 'any' type.
components/lab/lab-client-view.tsx(209,46): error TS7006: Parameter 'acc' implicitly has an 'any' type.
components/lab/lab-client-view.tsx(209,51): error TS7006: Parameter 'c' implicitly has an 'any' type.
components/lab/lab-client-view.tsx(220,41): error TS7006: Parameter 'c' implicitly has an 'any' type.
components/lab/lab-client-view.tsx(227,61): error TS7006: Parameter 'c' implicitly has an 'any' type.
components/products/quick-add-dialog.tsx(224,20): error TS18048: 'stockItem' is possibly 'undefined'.
components/products/quick-add-dialog.tsx(224,30): error TS2339: Property 'id' does not exist on type 'StockItem'.
components/products/quick-view.tsx(45,13): error TS2345: Argument of type '{ productId: any; categoryId: any; name: any; price: any; image: any; size: any; color: any; fit: any; quantity: number; maxQuantity: any; slug: any; }' is not assignable to parameter of type 'CartItem'.
  Property 'variantId' is missing in type '{ productId: any; categoryId: any; name: any; price: any; image: any; size: any; color: any; fit: any; quantity: number; maxQuantity: any; slug: any; }' but required in type 'CartItem'.
components/products/quick-view.tsx(189,21): error TS2345: Argument of type '{ productId: any; categoryId: any; name: any; price: any; image: any; size: any; color: any; fit: any; quantity: number; maxQuantity: any; slug: any; }' is not assignable to parameter of type 'CartItem'.
  Property 'variantId' is missing in type '{ productId: any; categoryId: any; name: any; price: any; image: any; size: any; color: any; fit: any; quantity: number; maxQuantity: any; slug: any; }' but required in type 'CartItem'.
components/seo/article-json-ld.tsx(2,15): error TS2305: Module '"@/lib/services/blog-service"' has no exported member 'BlogPostMeta'.
components/storefront/cart-drawer.tsx(257,35): error TS2554: Expected 1 arguments, but got 4.
components/storefront/cart-drawer.tsx(397,35): error TS2554: Expected 1 arguments, but got 4.
components/storefront/product-card.tsx(79,16): error TS7006: Parameter 'item' implicitly has an 'any' type.
components/storefront/product-card.tsx(82,13): error TS7006: Parameter 'item' implicitly has an 'any' type.
components/storefront/product-card.tsx(202,33): error TS2339: Property 'id' does not exist on type 'StockItem'.
components/storefront/product-card.tsx(249,31): error TS2339: Property 'id' does not exist on type 'StockItem'.
components/storefront/product-card.tsx(294,64): error TS2554: Expected 1-2 arguments, but got 3.
components/storefront/search-overlay.tsx(75,15): error TS2304: Cannot find name 'supabase'.
lib/services/address-service.ts(66,43): error TS2339: Property 'addAddress' does not exist on type '{ create: (body: HttpTypes.StoreCreateCustomer, query?: any, headers?: ClientHeaders | undefined) => Promise<HttpTypes.StoreCustomerResponse>; update: (body: HttpTypes.StoreUpdateCustomer, query?: any, headers?: ClientHeaders | undefined) => Promise<...>; ... 5 more ...; deleteAddress: (addressId: string, headers?: ...'.
lib/services/category-service.ts(21,36): error TS7006: Parameter 'cat' implicitly has an 'any' type.
lib/services/category-service.ts(25,36): error TS7006: Parameter 'cat' implicitly has an 'any' type.
lib/services/category-service.ts(59,49): error TS7006: Parameter 'c' implicitly has an 'any' type.
lib/services/product-service.ts(137,40): error TS7006: Parameter 'p' implicitly has an 'any' type.
